<?xml version="1.0" encoding="UTF-8"?>
<testsuite name="Teste" tests="2" skipped="0" failures="0" errors="0" timestamp="2023-03-13T00:46:10" hostname="BRUNO-PC" time="0.034">
  <properties/>
  <testcase name="validarNome()" classname="Teste" time="0.028"/>
  <testcase name="deveRetornarSeEhMesmoNome()" classname="Teste" time="0.003"/>
  <system-out><![CDATA[]]></system-out>
  <system-err><![CDATA[]]></system-err>
</testsuite>
